<?xml version="1.0" encoding="UTF-8"?>
<testng-results ignored="0" total="2" passed="2" failed="0" skipped="0">
  <reporter-output>
    <line>
      <![CDATA[353]]>
    </line>
    <line>
      <![CDATA[Result contains more than 70 characters:- The Lost World by Arthur Conan Doyle: A Classic illustrated Edition]]>
    </line>
    <line>
      <![CDATA[334]]>
    </line>
    <line>
      <![CDATA[Result contains more than 70 characters:- The Lost World by Arthur Conan Doyle: A Classic illustrated Edition]]>
    </line>
  </reporter-output>
  <suite started-at="2022-05-18T16:28:16 IST" name="Default suite" finished-at="2022-05-18T16:29:02 IST" duration-ms="46168">
    <groups>
    </groups>
    <test started-at="2022-05-18T16:28:16 IST" name="Default test" finished-at="2022-05-18T16:29:02 IST" duration-ms="46168">
      <class name="TestClass">
        <test-method is-config="true" signature="demo()[pri:0, instance:TestClass@65e61854]" started-at="2022-05-18T16:28:16 IST" name="demo" finished-at="2022-05-18T16:28:43 IST" duration-ms="26437" status="PASS">
          <reporter-output>
          </reporter-output>
        </test-method> <!-- demo -->
        <test-method signature="checkResultCount()[pri:0, instance:TestClass@65e61854]" started-at="2022-05-18T16:28:43 IST" name="checkResultCount" finished-at="2022-05-18T16:28:43 IST" duration-ms="324" status="PASS">
          <reporter-output>
            <line>
              <![CDATA[353]]>
            </line>
            <line>
              <![CDATA[Result contains more than 70 characters:- The Lost World by Arthur Conan Doyle: A Classic illustrated Edition]]>
            </line>
          </reporter-output>
        </test-method> <!-- checkResultCount -->
        <test-method signature="englishResult()[pri:1, instance:TestClass@65e61854]" started-at="2022-05-18T16:28:43 IST" name="englishResult" finished-at="2022-05-18T16:29:02 IST" duration-ms="19289" status="PASS">
          <reporter-output>
            <line>
              <![CDATA[334]]>
            </line>
            <line>
              <![CDATA[Result contains more than 70 characters:- The Lost World by Arthur Conan Doyle: A Classic illustrated Edition]]>
            </line>
          </reporter-output>
        </test-method> <!-- englishResult -->
      </class> <!-- TestClass -->
    </test> <!-- Default test -->
  </suite> <!-- Default suite -->
</testng-results>
